{
  "RSpec": {
    "coverage": {
      "/home/ville/WADROR/ratebeer/app/models/rating.rb": [
        1,
        1,
        1,
        null,
        null,
        1,
        null,
        null,
        null,
        10,
        null,
        null,
        1,
        0,
        null,
        null,
        null,
        null
      ],
      "/home/ville/WADROR/ratebeer/app/models/style.rb": [
        1,
        1,
        1,
        1,
        null,
        null,
        1,
        2,
        74,
        null,
        null
      ],
      "/home/ville/WADROR/ratebeer/app/models/concerns/rating_average.rb": [
        1,
        1,
        93,
        93,
        74,
        null,
        null,
        76,
        null,
        null,
        null
      ],
      "/home/ville/WADROR/ratebeer/app/helpers/application_helper.rb": [
        null,
        1,
        1,
        0,
        0,
        0,
        null,
        0,
        null,
        null,
        null,
        1,
        10,
        null,
        null,
        null,
        null,
        null
      ],
      "/home/ville/WADROR/ratebeer/app/helpers/beer_clubs_helper.rb": [
        1,
        null
      ],
      "/home/ville/WADROR/ratebeer/app/helpers/beers_helper.rb": [
        1,
        null
      ],
      "/home/ville/WADROR/ratebeer/app/helpers/breweries_helper.rb": [
        1,
        null
      ],
      "/home/ville/WADROR/ratebeer/app/helpers/memberships_helper.rb": [
        1,
        null
      ],
      "/home/ville/WADROR/ratebeer/app/helpers/styles_helper.rb": [
        1,
        null
      ],
      "/home/ville/WADROR/ratebeer/app/helpers/users_helper.rb": [
        1,
        null
      ],
      "/home/ville/WADROR/ratebeer/app/controllers/styles_controller.rb": [
        1,
        1,
        1,
        null,
        null,
        null,
        1,
        0,
        null,
        null,
        null,
        null,
        1,
        null,
        null,
        null,
        1,
        1,
        null,
        null,
        null,
        1,
        null,
        null,
        null,
        null,
        1,
        0,
        null,
        0,
        0,
        0,
        0,
        null,
        0,
        0,
        null,
        null,
        null,
        null,
        null,
        null,
        1,
        0,
        0,
        0,
        0,
        null,
        0,
        0,
        null,
        null,
        null,
        null,
        null,
        null,
        1,
        0,
        0,
        0,
        0,
        null,
        null,
        null,
        1,
        null,
        1,
        0,
        null,
        null,
        null,
        1,
        0,
        null,
        null
      ],
      "/home/ville/WADROR/ratebeer/app/controllers/application_controller.rb": [
        1,
        null,
        null,
        1,
        1,
        null,
        1,
        174,
        139,
        null,
        1,
        2,
        null,
        null,
        1,
        0,
        null,
        null,
        null,
        null
      ],
      "/home/ville/WADROR/ratebeer/app/models/beer.rb": [
        1,
        1,
        null,
        1,
        null,
        1,
        null,
        1,
        1,
        1,
        1,
        1,
        null,
        null,
        null,
        null,
        null,
        null,
        null,
        null,
        null,
        1,
        8,
        null,
        null,
        1,
        2,
        null,
        4,
        null,
        null,
        null,
        null,
        null
      ],
      "/home/ville/WADROR/ratebeer/app/models/brewery.rb": [
        1,
        1,
        null,
        1,
        1,
        1,
        null,
        1,
        1,
        null,
        8,
        8,
        null,
        null,
        null,
        1,
        24,
        0,
        null,
        null,
        null,
        1,
        0,
        0,
        0,
        null,
        null,
        1,
        0,
        0,
        null,
        null,
        null,
        1,
        2,
        null,
        4,
        null,
        null,
        null,
        null,
        null,
        null,
        null
      ],
      "/home/ville/WADROR/ratebeer/app/models/user.rb": [
        1,
        1,
        1,
        1,
        null,
        null,
        1,
        1,
        null,
        null,
        null,
        1,
        1,
        1,
        1,
        null,
        1,
        26,
        15,
        null,
        null,
        1,
        26,
        null,
        null,
        1,
        26,
        null,
        null,
        1,
        110,
        33,
        null,
        null,
        1,
        52,
        null,
        99,
        63,
        null,
        null,
        null,
        null,
        null,
        null,
        null,
        null,
        null,
        null,
        null,
        null,
        null,
        null,
        null,
        null,
        1,
        5,
        null,
        null,
        null,
        1,
        0,
        0,
        null,
        0,
        null,
        null,
        null,
        null
      ],
      "/home/ville/WADROR/ratebeer/app/controllers/beers_controller.rb": [
        1,
        1,
        1,
        1,
        1,
        null,
        null,
        1,
        0,
        null,
        null,
        null,
        null,
        1,
        0,
        0,
        null,
        null,
        null,
        1,
        null,
        0,
        null,
        null,
        null,
        1,
        null,
        null,
        null,
        null,
        null,
        1,
        0,
        null,
        0,
        0,
        0,
        0,
        null,
        null,
        0,
        0,
        null,
        null,
        null,
        null,
        null,
        null,
        1,
        0,
        0,
        0,
        0,
        null,
        0,
        0,
        null,
        null,
        null,
        null,
        null,
        null,
        1,
        0,
        0,
        0,
        0,
        null,
        null,
        null,
        1,
        null,
        1,
        0,
        null,
        null,
        1,
        2,
        2,
        null,
        null,
        null,
        1,
        0,
        null,
        null
      ],
      "/home/ville/WADROR/ratebeer/app/controllers/sessions_controller.rb": [
        1,
        null,
        1,
        null,
        null,
        null,
        1,
        10,
        10,
        0,
        0,
        null,
        10,
        9,
        9,
        null,
        1,
        null,
        null,
        null,
        null,
        1,
        3,
        3,
        null,
        null,
        null
      ],
      "/home/ville/WADROR/ratebeer/app/controllers/breweries_controller.rb": [
        1,
        1,
        1,
        1,
        null,
        null,
        null,
        1,
        7,
        7,
        null,
        null,
        null,
        null,
        null,
        1,
        null,
        null,
        null,
        null,
        1,
        0,
        null,
        null,
        null,
        null,
        1,
        null,
        null,
        null,
        null,
        1,
        0,
        null,
        0,
        0,
        0,
        0,
        null,
        0,
        0,
        null,
        null,
        null,
        null,
        null,
        null,
        1,
        0,
        0,
        0,
        0,
        null,
        0,
        0,
        null,
        null,
        null,
        null,
        null,
        null,
        1,
        0,
        0,
        0,
        0,
        null,
        null,
        null,
        1,
        0,
        0,
        null,
        0,
        null,
        0,
        null,
        null,
        1,
        null,
        1,
        1,
        null,
        null,
        null,
        1,
        0,
        null,
        null,
        null,
        null,
        null,
        null,
        null,
        null,
        null
      ],
      "/home/ville/WADROR/ratebeer/lib/beermapping_api.rb": [
        1,
        1,
        5,
        9,
        null,
        null,
        1,
        null,
        1,
        4,
        null,
        4,
        4,
        null,
        4,
        null,
        3,
        3,
        5,
        null,
        null,
        null,
        null,
        1,
        null,
        null,
        4,
        null,
        null
      ],
      "/home/ville/WADROR/ratebeer/app/models/place.rb": [
        1,
        1,
        1,
        null,
        1,
        5,
        null,
        null,
        null
      ],
      "/home/ville/WADROR/ratebeer/app/controllers/places_controller.rb": [
        1,
        null,
        null,
        1,
        null,
        null,
        1,
        null,
        null,
        0,
        0,
        null,
        0,
        0,
        null,
        null,
        null,
        null,
        1,
        3,
        3,
        1,
        null,
        2,
        null,
        null,
        null
      ],
      "/home/ville/WADROR/ratebeer/app/controllers/users_controller.rb": [
        1,
        1,
        null,
        null,
        null,
        1,
        0,
        null,
        null,
        null,
        null,
        1,
        null,
        null,
        null,
        1,
        1,
        null,
        null,
        null,
        1,
        null,
        null,
        1,
        0,
        0,
        null,
        0,
        null,
        0,
        null,
        null,
        null,
        null,
        1,
        1,
        null,
        1,
        1,
        2,
        1,
        null,
        0,
        0,
        null,
        null,
        null,
        null,
        null,
        null,
        1,
        0,
        0,
        0,
        0,
        null,
        0,
        0,
        null,
        null,
        null,
        null,
        null,
        null,
        1,
        0,
        0,
        0,
        0,
        0,
        0,
        null,
        null,
        null,
        null,
        1,
        null,
        1,
        15,
        null,
        null,
        null,
        1,
        1,
        null,
        null
      ],
      "/home/ville/WADROR/ratebeer/app/models/membership.rb": [
        1,
        null,
        1,
        1,
        null,
        null
      ],
      "/home/ville/WADROR/ratebeer/app/models/beer_club.rb": [
        1,
        null,
        1,
        1,
        null,
        null,
        null,
        null
      ],
      "/home/ville/WADROR/ratebeer/app/controllers/ratings_controller.rb": [
        1,
        1,
        2,
        2,
        2,
        null,
        null,
        1,
        1,
        1,
        null,
        null,
        null,
        1,
        1,
        null,
        1,
        0,
        1,
        1,
        1,
        null,
        0,
        0,
        null,
        null,
        null,
        1,
        1,
        1,
        1,
        null,
        null,
        null,
        null,
        null,
        null
      ],
      "/home/ville/WADROR/ratebeer/app/controllers/memberships_controller.rb": [
        0,
        0,
        0,
        0,
        0,
        0,
        0,
        0,
        0,
        0,
        0,
        0,
        0,
        0,
        0,
        0,
        0,
        0,
        0,
        0,
        0,
        0,
        0,
        0,
        0,
        0,
        0,
        0,
        0,
        0,
        0,
        0,
        0,
        0,
        0,
        0,
        0,
        0,
        0,
        0,
        0,
        0,
        0,
        0,
        0,
        0,
        0,
        0,
        0,
        0,
        0,
        0,
        0,
        0,
        0,
        0,
        0,
        0,
        0,
        0,
        0,
        0,
        0,
        0,
        0,
        0,
        0,
        0,
        0,
        0,
        0,
        0,
        0,
        0,
        0,
        0,
        0,
        0,
        0,
        0,
        0,
        0
      ],
      "/home/ville/WADROR/ratebeer/app/controllers/beer_clubs_controller.rb": [
        0,
        0,
        0,
        0,
        0,
        0,
        0,
        0,
        0,
        0,
        0,
        0,
        0,
        0,
        0,
        0,
        0,
        0,
        0,
        0,
        0,
        0,
        0,
        0,
        0,
        0,
        0,
        0,
        0,
        0,
        0,
        0,
        0,
        0,
        0,
        0,
        0,
        0,
        0,
        0,
        0,
        0,
        0,
        0,
        0,
        0,
        0,
        0,
        0,
        0,
        0,
        0,
        0,
        0,
        0,
        0,
        0,
        0,
        0,
        0,
        0,
        0,
        0,
        0,
        0,
        0,
        0,
        0,
        0,
        0,
        0,
        0,
        0,
        0,
        0,
        0,
        0,
        0,
        0,
        0,
        0,
        0,
        0
      ]
    },
    "timestamp": 1456563935
  }
}
